
> bml@0.1.0 build
> next build

⚠ Warning: Next.js inferred your workspace root, but it may not be correct.
 We detected multiple lockfiles and selected the directory of /Users/mehdi/pnpm-lock.yaml as the root directory.
 To silence this warning, set `turbopack.root` in your Next.js config, or consider removing one of the lockfiles if it's not needed.
   See https://nextjs.org/docs/app/api-reference/config/next-config-js/turbopack#root-directory for more information.
 Detected additional lockfiles: 
   * /Users/mehdi/Business memory brai/bml/package-lock.json

▲ Next.js 16.1.6 (Turbopack)
- Environments: .env.local

  Creating an optimized production build ...

> Build error occurred
Error: Turbopack build failed with 1 errors:
./Business memory brai/bml/src/app/globals.css
Error evaluating Node.js code
CssSyntaxError: /Users/mehdi/Business memory brai/bml/src/app/globals.css:3:1: The `border-border` class does not exist. If `border-border` is a custom class, make sure it is defined within a `@layer` directive.
    at Input.error (Business memory brai/bml/node_modules/postcss/lib/input.js:135:16) [/Users/mehdi/Business memory brai/bml/.next/build/chunks/ad692_19dc414e._.js:4651:22]
    at AtRule.error (Business memory brai/bml/node_modules/postcss/lib/node.js:146:32) [/Users/mehdi/Business memory brai/bml/.next/build/chunks/ad692_19dc414e._.js:928:38]
    [at processApply (/Users/mehdi/Business memory brai/bml/node_modules/tailwindcss/lib/lib/expandApplyAtRules.js:380:29)]
    [at /Users/mehdi/Business memory brai/bml/node_modules/tailwindcss/lib/lib/expandApplyAtRules.js:551:9]
    [at /Users/mehdi/Business memory brai/bml/node_modules/tailwindcss/lib/processTailwindFeatures.js:55:50]
    [at async plugins (/Users/mehdi/Business memory brai/bml/node_modules/tailwindcss/lib/plugin.js:38:17)]
    at async LazyResult.runAsync (Business memory brai/bml/node_modules/postcss/lib/lazy-result.js:293:11) [/Users/mehdi/Business memory brai/bml/.next/build/chunks/ad692_19dc414e._.js:6214:21]
    at async transform (turbopack:///[turbopack-node]/transforms/postcss.ts:70:34) [/Users/mehdi/Business memory brai/bml/.next/build/chunks/[root-of-the-server]__e090ad1e._.js:172:36]
    at async run (turbopack:///[turbopack-node]/ipc/evaluate.ts:92:23) [/Users/mehdi/Business memory brai/bml/.next/build/chunks/[root-of-the-server]__ca124c4a._.js:443:31]

Import trace:
  Client Component Browser:
    ./Business memory brai/bml/src/app/globals.css [Client Component Browser]
    ./Business memory brai/bml/src/app/layout.tsx [Server Component]


    at async transform (turbopack:///[turbopack-node]/transforms/postcss.ts:70:34) [/Users/mehdi/Business memory brai/bml/.next/build/chunks/[root-of-the-server]__e090ad1e._.js:172:36])
    at async run (turbopack:///[turbopack-node]/ipc/evaluate.ts:92:23) [/Users/mehdi/Business memory brai/bml/.next/build/chunks/[root-of-the-server]__ca124c4a._.js:443:31])
